2015-06-28 21:25:27,024 
2015-06-28 21:25:27,024 Welcome to p-fish Version1.1 New Scan Started
2015-06-28 21:25:27,024 
2015-06-28 21:25:27,024 System: linux2
2015-06-28 21:25:27,024 Version: 2.7.6 (default, Mar 22 2014, 22:59:56) 
[GCC 4.8.2]
2015-06-28 21:25:27,024 Root Path: /home/mint/Apps/nishang/

2015-06-28 21:25:27,030 +-------------------------------------------------------------
2015-06-28 21:25:27,030 +File Path:  /home/mint/Apps/nishang/README.md
2015-06-28 21:25:27,030 +File Name:  README.md
2015-06-28 21:25:27,030 +Hash Type:  MD5
2015-06-28 21:25:27,030 +Hash Value: A294A0C5DACC270CE9CD4A973951EB8C
2015-06-28 21:25:27,031 +-------------------------------------------------------------

2015-06-28 21:25:27,032 +-------------------------------------------------------------
2015-06-28 21:25:27,032 +File Path:  /home/mint/Apps/nishang/nishang.psm1
2015-06-28 21:25:27,032 +File Name:  nishang.psm1
2015-06-28 21:25:27,032 +Hash Type:  MD5
2015-06-28 21:25:27,032 +Hash Value: 4C0B1FBE59E69BA828B399AC7A084FC0
2015-06-28 21:25:27,032 +-------------------------------------------------------------

2015-06-28 21:25:27,033 +-------------------------------------------------------------
2015-06-28 21:25:27,033 +File Path:  /home/mint/Apps/nishang/.gitignore
2015-06-28 21:25:27,033 +File Name:  .gitignore
2015-06-28 21:25:27,034 +Hash Type:  MD5
2015-06-28 21:25:27,034 +Hash Value: 7B091948EBF89BBD1832C363D49EDE3C
2015-06-28 21:25:27,034 +-------------------------------------------------------------

2015-06-28 21:25:27,035 +-------------------------------------------------------------
2015-06-28 21:25:27,035 +File Path:  /home/mint/Apps/nishang/CHANGELOG.txt
2015-06-28 21:25:27,035 +File Name:  CHANGELOG.txt
2015-06-28 21:25:27,035 +Hash Type:  MD5
2015-06-28 21:25:27,035 +Hash Value: 6D9BB85F7A36D9EF4622BA120F49761E
2015-06-28 21:25:27,035 +-------------------------------------------------------------

2015-06-28 21:25:27,036 +-------------------------------------------------------------
2015-06-28 21:25:27,036 +File Path:  /home/mint/Apps/nishang/.gitattributes
2015-06-28 21:25:27,037 +File Name:  .gitattributes
2015-06-28 21:25:27,037 +Hash Type:  MD5
2015-06-28 21:25:27,037 +Hash Value: C4F364B364A2AC980A1DBF9D9A73A0E1
2015-06-28 21:25:27,037 +-------------------------------------------------------------

2015-06-28 21:25:27,038 +-------------------------------------------------------------
2015-06-28 21:25:27,039 +File Path:  /home/mint/Apps/nishang/powerpreter/README.md
2015-06-28 21:25:27,039 +File Name:  README.md
2015-06-28 21:25:27,039 +Hash Type:  MD5
2015-06-28 21:25:27,039 +Hash Value: B89FD770FD53D6B5F1E9CAEB43450D5A
2015-06-28 21:25:27,039 +-------------------------------------------------------------

2015-06-28 21:25:27,042 +-------------------------------------------------------------
2015-06-28 21:25:27,042 +File Path:  /home/mint/Apps/nishang/powerpreter/Powerpreter.psm1
2015-06-28 21:25:27,042 +File Name:  Powerpreter.psm1
2015-06-28 21:25:27,042 +Hash Type:  MD5
2015-06-28 21:25:27,042 +Hash Value: 39F704A4F426883A62A231BB5E6BA8E6
2015-06-28 21:25:27,042 +-------------------------------------------------------------

2015-06-28 21:25:27,044 +-------------------------------------------------------------
2015-06-28 21:25:27,044 +File Path:  /home/mint/Apps/nishang/Prasadhak/Prasadhak.ps1
2015-06-28 21:25:27,044 +File Name:  Prasadhak.ps1
2015-06-28 21:25:27,044 +Hash Type:  MD5
2015-06-28 21:25:27,045 +Hash Value: B6C0F8F5A44DB5CF1C370168D696651D
2015-06-28 21:25:27,045 +-------------------------------------------------------------

2015-06-28 21:25:27,046 +-------------------------------------------------------------
2015-06-28 21:25:27,046 +File Path:  /home/mint/Apps/nishang/Shells/Invoke-PowerShellIcmp.ps1
2015-06-28 21:25:27,047 +File Name:  Invoke-PowerShellIcmp.ps1
2015-06-28 21:25:27,047 +Hash Type:  MD5
2015-06-28 21:25:27,047 +Hash Value: 64F2E81C134DDF62A8B9350B682A3E44
2015-06-28 21:25:27,047 +-------------------------------------------------------------

2015-06-28 21:25:27,048 +-------------------------------------------------------------
2015-06-28 21:25:27,048 +File Path:  /home/mint/Apps/nishang/Shells/Invoke-PowerShellUdpOneLine.ps1
2015-06-28 21:25:27,048 +File Name:  Invoke-PowerShellUdpOneLine.ps1
2015-06-28 21:25:27,048 +Hash Type:  MD5
2015-06-28 21:25:27,048 +Hash Value: 7972A93F405E699DAC3F2C99E980B6AD
2015-06-28 21:25:27,048 +-------------------------------------------------------------

2015-06-28 21:25:27,049 +-------------------------------------------------------------
2015-06-28 21:25:27,050 +File Path:  /home/mint/Apps/nishang/Shells/Invoke-PowerShellWmi.ps1
2015-06-28 21:25:27,050 +File Name:  Invoke-PowerShellWmi.ps1
2015-06-28 21:25:27,050 +Hash Type:  MD5
2015-06-28 21:25:27,050 +Hash Value: 2A83AD9B11ACCFF8203CE40798EE0118
2015-06-28 21:25:27,050 +-------------------------------------------------------------

2015-06-28 21:25:27,051 +-------------------------------------------------------------
2015-06-28 21:25:27,051 +File Path:  /home/mint/Apps/nishang/Shells/Invoke-PsGcat.ps1
2015-06-28 21:25:27,051 +File Name:  Invoke-PsGcat.ps1
2015-06-28 21:25:27,051 +Hash Type:  MD5
2015-06-28 21:25:27,052 +Hash Value: 7FC50E020B2AEAD0CDD2E710E62BF3BF
2015-06-28 21:25:27,052 +-------------------------------------------------------------

2015-06-28 21:25:27,053 +-------------------------------------------------------------
2015-06-28 21:25:27,053 +File Path:  /home/mint/Apps/nishang/Shells/Invoke-PowerShellUdp.ps1
2015-06-28 21:25:27,053 +File Name:  Invoke-PowerShellUdp.ps1
2015-06-28 21:25:27,053 +Hash Type:  MD5
2015-06-28 21:25:27,053 +Hash Value: 0C637EDF2A04A2409950A98DE5F22C28
2015-06-28 21:25:27,053 +-------------------------------------------------------------

2015-06-28 21:25:27,055 +-------------------------------------------------------------
2015-06-28 21:25:27,055 +File Path:  /home/mint/Apps/nishang/Shells/Invoke-PoshRatHttp.ps1
2015-06-28 21:25:27,055 +File Name:  Invoke-PoshRatHttp.ps1
2015-06-28 21:25:27,055 +Hash Type:  MD5
2015-06-28 21:25:27,055 +Hash Value: 399AE796883F22E49100B4DF4BD1FDA7
2015-06-28 21:25:27,055 +-------------------------------------------------------------

2015-06-28 21:25:27,057 +-------------------------------------------------------------
2015-06-28 21:25:27,057 +File Path:  /home/mint/Apps/nishang/Shells/Invoke-PowerShellTcpOneLine.ps1
2015-06-28 21:25:27,057 +File Name:  Invoke-PowerShellTcpOneLine.ps1
2015-06-28 21:25:27,057 +Hash Type:  MD5
2015-06-28 21:25:27,057 +Hash Value: 499F76CB1ECFD32B53B5F1E0BB209938
2015-06-28 21:25:27,057 +-------------------------------------------------------------

2015-06-28 21:25:27,058 +-------------------------------------------------------------
2015-06-28 21:25:27,058 +File Path:  /home/mint/Apps/nishang/Shells/Remove-PoshRat.ps1
2015-06-28 21:25:27,059 +File Name:  Remove-PoshRat.ps1
2015-06-28 21:25:27,059 +Hash Type:  MD5
2015-06-28 21:25:27,059 +Hash Value: 8D5D06AB990B70E0B24F470286B44DA8
2015-06-28 21:25:27,059 +-------------------------------------------------------------

2015-06-28 21:25:27,060 +-------------------------------------------------------------
2015-06-28 21:25:27,060 +File Path:  /home/mint/Apps/nishang/Shells/Invoke-PoshRatHttps.ps1
2015-06-28 21:25:27,060 +File Name:  Invoke-PoshRatHttps.ps1
2015-06-28 21:25:27,060 +Hash Type:  MD5
2015-06-28 21:25:27,060 +Hash Value: AC6E8F784B3AB07CF507D25571456DD4
2015-06-28 21:25:27,060 +-------------------------------------------------------------

2015-06-28 21:25:27,062 +-------------------------------------------------------------
2015-06-28 21:25:27,062 +File Path:  /home/mint/Apps/nishang/Shells/Invoke-PsGcatAgent.ps1
2015-06-28 21:25:27,062 +File Name:  Invoke-PsGcatAgent.ps1
2015-06-28 21:25:27,062 +Hash Type:  MD5
2015-06-28 21:25:27,062 +Hash Value: 8032E8E34F54B91D703BAE3C84856BD2
2015-06-28 21:25:27,062 +-------------------------------------------------------------

2015-06-28 21:25:27,063 +-------------------------------------------------------------
2015-06-28 21:25:27,063 +File Path:  /home/mint/Apps/nishang/Shells/Invoke-PowerShellTcp.ps1
2015-06-28 21:25:27,063 +File Name:  Invoke-PowerShellTcp.ps1
2015-06-28 21:25:27,063 +Hash Type:  MD5
2015-06-28 21:25:27,063 +Hash Value: FD03F932D2C5ED364760A3512853D4DF
2015-06-28 21:25:27,063 +-------------------------------------------------------------

2015-06-28 21:25:27,065 +-------------------------------------------------------------
2015-06-28 21:25:27,065 +File Path:  /home/mint/Apps/nishang/Execution/Download_Execute.ps1
2015-06-28 21:25:27,065 +File Name:  Download_Execute.ps1
2015-06-28 21:25:27,065 +Hash Type:  MD5
2015-06-28 21:25:27,065 +Hash Value: 5F885C5058BD2BFF826CF328F393B847
2015-06-28 21:25:27,065 +-------------------------------------------------------------

2015-06-28 21:25:27,066 +-------------------------------------------------------------
2015-06-28 21:25:27,066 +File Path:  /home/mint/Apps/nishang/Execution/Execute-Command-MSSQL.ps1
2015-06-28 21:25:27,066 +File Name:  Execute-Command-MSSQL.ps1
2015-06-28 21:25:27,067 +Hash Type:  MD5
2015-06-28 21:25:27,067 +Hash Value: 071C9CA39FBBD2A921C9B1BA6D7EA95F
2015-06-28 21:25:27,067 +-------------------------------------------------------------

2015-06-28 21:25:27,068 +-------------------------------------------------------------
2015-06-28 21:25:27,068 +File Path:  /home/mint/Apps/nishang/Execution/Execute-DNSTXT-Code.ps1
2015-06-28 21:25:27,068 +File Name:  Execute-DNSTXT-Code.ps1
2015-06-28 21:25:27,068 +Hash Type:  MD5
2015-06-28 21:25:27,068 +Hash Value: 90FB671E435E10FC01157636B29EE0B8
2015-06-28 21:25:27,068 +-------------------------------------------------------------

2015-06-28 21:25:27,069 +-------------------------------------------------------------
2015-06-28 21:25:27,069 +File Path:  /home/mint/Apps/nishang/Execution/Download-Execute-PS.ps1
2015-06-28 21:25:27,069 +File Name:  Download-Execute-PS.ps1
2015-06-28 21:25:27,069 +Hash Type:  MD5
2015-06-28 21:25:27,069 +Hash Value: 1C2574829DBB975F2AFAF6A6770ED360
2015-06-28 21:25:27,069 +-------------------------------------------------------------

2015-06-28 21:25:27,071 +-------------------------------------------------------------
2015-06-28 21:25:27,071 +File Path:  /home/mint/Apps/nishang/Utility/StringToBase64.ps1
2015-06-28 21:25:27,071 +File Name:  StringToBase64.ps1
2015-06-28 21:25:27,071 +Hash Type:  MD5
2015-06-28 21:25:27,071 +Hash Value: C4E6DC0EDE9B25D3FB464F93870C29A4
2015-06-28 21:25:27,071 +-------------------------------------------------------------

2015-06-28 21:25:27,072 +-------------------------------------------------------------
2015-06-28 21:25:27,073 +File Path:  /home/mint/Apps/nishang/Utility/TexttoExe.ps1
2015-06-28 21:25:27,073 +File Name:  TexttoExe.ps1
2015-06-28 21:25:27,073 +Hash Type:  MD5
2015-06-28 21:25:27,073 +Hash Value: 9229D0571226666E47F2641FCF9B00EC
2015-06-28 21:25:27,073 +-------------------------------------------------------------

2015-06-28 21:25:27,074 +-------------------------------------------------------------
2015-06-28 21:25:27,074 +File Path:  /home/mint/Apps/nishang/Utility/ExetoText.ps1
2015-06-28 21:25:27,074 +File Name:  ExetoText.ps1
2015-06-28 21:25:27,074 +Hash Type:  MD5
2015-06-28 21:25:27,074 +Hash Value: 532DD6ADE1B4938F264612A1AE3708EC
2015-06-28 21:25:27,074 +-------------------------------------------------------------

2015-06-28 21:25:27,075 +-------------------------------------------------------------
2015-06-28 21:25:27,075 +File Path:  /home/mint/Apps/nishang/Utility/Add-Exfiltration.ps1
2015-06-28 21:25:27,075 +File Name:  Add-Exfiltration.ps1
2015-06-28 21:25:27,075 +Hash Type:  MD5
2015-06-28 21:25:27,075 +Hash Value: BB3F12F716768A115430B1509AF50725
2015-06-28 21:25:27,076 +-------------------------------------------------------------

2015-06-28 21:25:27,077 +-------------------------------------------------------------
2015-06-28 21:25:27,077 +File Path:  /home/mint/Apps/nishang/Utility/Invoke-Encode.ps1
2015-06-28 21:25:27,077 +File Name:  Invoke-Encode.ps1
2015-06-28 21:25:27,077 +Hash Type:  MD5
2015-06-28 21:25:27,077 +Hash Value: DB3F621685609A11CB1F937D64D0FBA6
2015-06-28 21:25:27,077 +-------------------------------------------------------------

2015-06-28 21:25:27,078 +-------------------------------------------------------------
2015-06-28 21:25:27,078 +File Path:  /home/mint/Apps/nishang/Utility/Add-Persistence.ps1
2015-06-28 21:25:27,078 +File Name:  Add-Persistence.ps1
2015-06-28 21:25:27,078 +Hash Type:  MD5
2015-06-28 21:25:27,078 +Hash Value: FCD33770138751113EFF5144A655E64A
2015-06-28 21:25:27,079 +-------------------------------------------------------------

2015-06-28 21:25:27,079 +-------------------------------------------------------------
2015-06-28 21:25:27,080 +File Path:  /home/mint/Apps/nishang/Utility/Parse_Keys.ps1
2015-06-28 21:25:27,080 +File Name:  Parse_Keys.ps1
2015-06-28 21:25:27,080 +Hash Type:  MD5
2015-06-28 21:25:27,080 +Hash Value: 57B0771D93F8CABC1EA6577D983918FB
2015-06-28 21:25:27,080 +-------------------------------------------------------------

2015-06-28 21:25:27,081 +-------------------------------------------------------------
2015-06-28 21:25:27,081 +File Path:  /home/mint/Apps/nishang/Utility/Invoke-Decode.ps1
2015-06-28 21:25:27,081 +File Name:  Invoke-Decode.ps1
2015-06-28 21:25:27,081 +Hash Type:  MD5
2015-06-28 21:25:27,081 +Hash Value: B03A1A48B75C35E8BCCCE90546725862
2015-06-28 21:25:27,081 +-------------------------------------------------------------

2015-06-28 21:25:27,082 +-------------------------------------------------------------
2015-06-28 21:25:27,082 +File Path:  /home/mint/Apps/nishang/Utility/Base64ToString.ps1
2015-06-28 21:25:27,082 +File Name:  Base64ToString.ps1
2015-06-28 21:25:27,082 +Hash Type:  MD5
2015-06-28 21:25:27,082 +Hash Value: 39528E1C98AFA079A46E80A1EF0BB21C
2015-06-28 21:25:27,082 +-------------------------------------------------------------

2015-06-28 21:25:27,083 +-------------------------------------------------------------
2015-06-28 21:25:27,083 +File Path:  /home/mint/Apps/nishang/Utility/Do-Exfiltration.ps1
2015-06-28 21:25:27,083 +File Name:  Do-Exfiltration.ps1
2015-06-28 21:25:27,083 +Hash Type:  MD5
2015-06-28 21:25:27,083 +Hash Value: 11CFB81708E9B86C955978AC44331442
2015-06-28 21:25:27,083 +-------------------------------------------------------------

2015-06-28 21:25:27,084 +-------------------------------------------------------------
2015-06-28 21:25:27,084 +File Path:  /home/mint/Apps/nishang/Utility/Remove-Persistence.ps1
2015-06-28 21:25:27,085 +File Name:  Remove-Persistence.ps1
2015-06-28 21:25:27,085 +Hash Type:  MD5
2015-06-28 21:25:27,085 +Hash Value: 70818956F778272C043A9062624388D9
2015-06-28 21:25:27,085 +-------------------------------------------------------------

2015-06-28 21:25:27,086 +-------------------------------------------------------------
2015-06-28 21:25:27,086 +File Path:  /home/mint/Apps/nishang/Utility/Out-DnsTxt.ps1
2015-06-28 21:25:27,086 +File Name:  Out-DnsTxt.ps1
2015-06-28 21:25:27,086 +Hash Type:  MD5
2015-06-28 21:25:27,086 +Hash Value: F732EB6CE38EFD0732BFB84FE71D49FF
2015-06-28 21:25:27,086 +-------------------------------------------------------------

2015-06-28 21:25:27,088 +-------------------------------------------------------------
2015-06-28 21:25:27,088 +File Path:  /home/mint/Apps/nishang/Utility/Download.ps1
2015-06-28 21:25:27,088 +File Name:  Download.ps1
2015-06-28 21:25:27,088 +Hash Type:  MD5
2015-06-28 21:25:27,088 +Hash Value: 6B0CDD8D326E0A649CE8F44F5272CE95
2015-06-28 21:25:27,088 +-------------------------------------------------------------

2015-06-28 21:25:27,089 +-------------------------------------------------------------
2015-06-28 21:25:27,089 +File Path:  /home/mint/Apps/nishang/Misc/Nishang_logo_small.png
2015-06-28 21:25:27,090 +File Name:  Nishang_logo_small.png
2015-06-28 21:25:27,090 +Hash Type:  MD5
2015-06-28 21:25:27,090 +Hash Value: 742CB9A6ACC93D35FA3953AC142B0FB2
2015-06-28 21:25:27,090 +-------------------------------------------------------------

2015-06-28 21:25:27,091 +-------------------------------------------------------------
2015-06-28 21:25:27,091 +File Path:  /home/mint/Apps/nishang/Misc/Speak.ps1
2015-06-28 21:25:27,091 +File Name:  Speak.ps1
2015-06-28 21:25:27,091 +Hash Type:  MD5
2015-06-28 21:25:27,091 +Hash Value: 35F4D0982CBDC9A43635FAD96C91BEB5
2015-06-28 21:25:27,091 +-------------------------------------------------------------

2015-06-28 21:25:27,093 +-------------------------------------------------------------
2015-06-28 21:25:27,093 +File Path:  /home/mint/Apps/nishang/Misc/Nishang_Logo.png
2015-06-28 21:25:27,093 +File Name:  Nishang_Logo.png
2015-06-28 21:25:27,093 +Hash Type:  MD5
2015-06-28 21:25:27,093 +Hash Value: 5A087EC145BFADF3207E2CAD4E333D55
2015-06-28 21:25:27,093 +-------------------------------------------------------------

2015-06-28 21:25:27,095 +-------------------------------------------------------------
2015-06-28 21:25:27,095 +File Path:  /home/mint/Apps/nishang/Gather/Get-PassHashes.ps1
2015-06-28 21:25:27,095 +File Name:  Get-PassHashes.ps1
2015-06-28 21:25:27,095 +Hash Type:  MD5
2015-06-28 21:25:27,095 +Hash Value: F030FE6BBAA367ECBD30A811080D4A77
2015-06-28 21:25:27,095 +-------------------------------------------------------------

2015-06-28 21:25:27,096 +-------------------------------------------------------------
2015-06-28 21:25:27,096 +File Path:  /home/mint/Apps/nishang/Gather/Get-WLAN-Keys.ps1
2015-06-28 21:25:27,096 +File Name:  Get-WLAN-Keys.ps1
2015-06-28 21:25:27,097 +Hash Type:  MD5
2015-06-28 21:25:27,097 +Hash Value: 5F6F0C87311212C47A3A338223F6D4D6
2015-06-28 21:25:27,097 +-------------------------------------------------------------

2015-06-28 21:25:27,098 +-------------------------------------------------------------
2015-06-28 21:25:27,098 +File Path:  /home/mint/Apps/nishang/Gather/FireBuster.ps1
2015-06-28 21:25:27,098 +File Name:  FireBuster.ps1
2015-06-28 21:25:27,098 +Hash Type:  MD5
2015-06-28 21:25:27,098 +Hash Value: 0FE3E3FEEFEF7561B580D35B8F8292AB
2015-06-28 21:25:27,098 +-------------------------------------------------------------

2015-06-28 21:25:27,099 +-------------------------------------------------------------
2015-06-28 21:25:27,100 +File Path:  /home/mint/Apps/nishang/Gather/Invoke-CredentialsPhish.ps1
2015-06-28 21:25:27,100 +File Name:  Invoke-CredentialsPhish.ps1
2015-06-28 21:25:27,100 +Hash Type:  MD5
2015-06-28 21:25:27,100 +Hash Value: DEFC6A26841C8693FB28A10FA4C997A3
2015-06-28 21:25:27,100 +-------------------------------------------------------------

2015-06-28 21:25:27,101 +-------------------------------------------------------------
2015-06-28 21:25:27,101 +File Path:  /home/mint/Apps/nishang/Gather/Get-LSASecret.ps1
2015-06-28 21:25:27,101 +File Name:  Get-LSASecret.ps1
2015-06-28 21:25:27,101 +Hash Type:  MD5
2015-06-28 21:25:27,101 +Hash Value: C9AA687C39E2942E1D540AF75CB2E763
2015-06-28 21:25:27,101 +-------------------------------------------------------------

2015-06-28 21:25:27,102 +-------------------------------------------------------------
2015-06-28 21:25:27,103 +File Path:  /home/mint/Apps/nishang/Gather/FireListener.ps1
2015-06-28 21:25:27,103 +File Name:  FireListener.ps1
2015-06-28 21:25:27,103 +Hash Type:  MD5
2015-06-28 21:25:27,103 +Hash Value: 9C29DFF3A1A85A491167E0F4A04AD27B
2015-06-28 21:25:27,103 +-------------------------------------------------------------

2015-06-28 21:25:27,104 +-------------------------------------------------------------
2015-06-28 21:25:27,104 +File Path:  /home/mint/Apps/nishang/Gather/Copy-VSS.ps1
2015-06-28 21:25:27,104 +File Name:  Copy-VSS.ps1
2015-06-28 21:25:27,104 +Hash Type:  MD5
2015-06-28 21:25:27,105 +Hash Value: AB60660E3A391A8AD0DE689AB956274E
2015-06-28 21:25:27,105 +-------------------------------------------------------------

2015-06-28 21:25:27,110 +-------------------------------------------------------------
2015-06-28 21:25:27,110 +File Path:  /home/mint/Apps/nishang/Gather/Invoke-MimikatzWDigestDowngrade.ps1
2015-06-28 21:25:27,110 +File Name:  Invoke-MimikatzWDigestDowngrade.ps1
2015-06-28 21:25:27,110 +Hash Type:  MD5
2015-06-28 21:25:27,110 +Hash Value: 4930D8EF3E55B6CD7F397A194C0000BD
2015-06-28 21:25:27,110 +-------------------------------------------------------------

2015-06-28 21:25:27,112 +-------------------------------------------------------------
2015-06-28 21:25:27,112 +File Path:  /home/mint/Apps/nishang/Gather/Get-Information.ps1
2015-06-28 21:25:27,112 +File Name:  Get-Information.ps1
2015-06-28 21:25:27,112 +Hash Type:  MD5
2015-06-28 21:25:27,112 +Hash Value: 73D22FA60FDEE3E74AE1F7CDB1D3576D
2015-06-28 21:25:27,112 +-------------------------------------------------------------

2015-06-28 21:25:27,114 +-------------------------------------------------------------
2015-06-28 21:25:27,114 +File Path:  /home/mint/Apps/nishang/Gather/Keylogger.ps1
2015-06-28 21:25:27,114 +File Name:  Keylogger.ps1
2015-06-28 21:25:27,114 +Hash Type:  MD5
2015-06-28 21:25:27,114 +Hash Value: E3D7D3B91E00B0C1E3B816B05801DB11
2015-06-28 21:25:27,114 +-------------------------------------------------------------

2015-06-28 21:25:27,116 +-------------------------------------------------------------
2015-06-28 21:25:27,116 +File Path:  /home/mint/Apps/nishang/Gather/Check-VM.ps1
2015-06-28 21:25:27,116 +File Name:  Check-VM.ps1
2015-06-28 21:25:27,116 +Hash Type:  MD5
2015-06-28 21:25:27,116 +Hash Value: 8E9D08F83429AF5F2225317373C60FA6
2015-06-28 21:25:27,116 +-------------------------------------------------------------

2015-06-28 21:25:27,118 +-------------------------------------------------------------
2015-06-28 21:25:27,118 +File Path:  /home/mint/Apps/nishang/Scan/Port-Scan.ps1
2015-06-28 21:25:27,118 +File Name:  Port-Scan.ps1
2015-06-28 21:25:27,118 +Hash Type:  MD5
2015-06-28 21:25:27,118 +Hash Value: FAFE275A8B956D4380DC32130A4DBB95
2015-06-28 21:25:27,118 +-------------------------------------------------------------

2015-06-28 21:25:27,119 +-------------------------------------------------------------
2015-06-28 21:25:27,120 +File Path:  /home/mint/Apps/nishang/Scan/Invoke-BruteForce.ps1
2015-06-28 21:25:27,120 +File Name:  Invoke-BruteForce.ps1
2015-06-28 21:25:27,120 +Hash Type:  MD5
2015-06-28 21:25:27,120 +Hash Value: 10EF44E00C14424EE2608EFD87AB42F1
2015-06-28 21:25:27,120 +-------------------------------------------------------------

2015-06-28 21:25:27,121 +-------------------------------------------------------------
2015-06-28 21:25:27,121 +File Path:  /home/mint/Apps/nishang/Pivot/Invoke-NetworkRelay.ps1
2015-06-28 21:25:27,121 +File Name:  Invoke-NetworkRelay.ps1
2015-06-28 21:25:27,121 +Hash Type:  MD5
2015-06-28 21:25:27,121 +Hash Value: B9F941965E1653A3E0A6DE54B1AA40F4
2015-06-28 21:25:27,122 +-------------------------------------------------------------

2015-06-28 21:25:27,130 +-------------------------------------------------------------
2015-06-28 21:25:27,130 +File Path:  /home/mint/Apps/nishang/Pivot/Run-EXEonRemote.ps1
2015-06-28 21:25:27,130 +File Name:  Run-EXEonRemote.ps1
2015-06-28 21:25:27,130 +Hash Type:  MD5
2015-06-28 21:25:27,130 +Hash Value: E112F6A510C21FD83F58BD9CD91F93D2
2015-06-28 21:25:27,130 +-------------------------------------------------------------

2015-06-28 21:25:27,131 +-------------------------------------------------------------
2015-06-28 21:25:27,131 +File Path:  /home/mint/Apps/nishang/Pivot/Create-MultipleSessions.ps1
2015-06-28 21:25:27,132 +File Name:  Create-MultipleSessions.ps1
2015-06-28 21:25:27,132 +Hash Type:  MD5
2015-06-28 21:25:27,132 +Hash Value: 443231A5D0F296EC83300E7669B8C830
2015-06-28 21:25:27,132 +-------------------------------------------------------------

2015-06-28 21:25:27,133 +-------------------------------------------------------------
2015-06-28 21:25:27,133 +File Path:  /home/mint/Apps/nishang/Antak-WebShell/antak.aspx
2015-06-28 21:25:27,133 +File Name:  antak.aspx
2015-06-28 21:25:27,133 +Hash Type:  MD5
2015-06-28 21:25:27,133 +Hash Value: 655A6FE19EEC02B54333A2C8D95CF56F
2015-06-28 21:25:27,133 +-------------------------------------------------------------

2015-06-28 21:25:27,134 +-------------------------------------------------------------
2015-06-28 21:25:27,135 +File Path:  /home/mint/Apps/nishang/Antak-WebShell/Readme.md
2015-06-28 21:25:27,135 +File Name:  Readme.md
2015-06-28 21:25:27,135 +Hash Type:  MD5
2015-06-28 21:25:27,135 +Hash Value: EAA947B9B309B39E946FA238FCE7070E
2015-06-28 21:25:27,135 +-------------------------------------------------------------

2015-06-28 21:25:27,136 +-------------------------------------------------------------
2015-06-28 21:25:27,136 +File Path:  /home/mint/Apps/nishang/Escalation/Enable-DuplicateToken.ps1
2015-06-28 21:25:27,137 +File Name:  Enable-DuplicateToken.ps1
2015-06-28 21:25:27,137 +Hash Type:  MD5
2015-06-28 21:25:27,137 +Hash Value: 7AECAB1B428D1AD353974296A3176192
2015-06-28 21:25:27,137 +-------------------------------------------------------------

2015-06-28 21:25:27,138 +-------------------------------------------------------------
2015-06-28 21:25:27,138 +File Path:  /home/mint/Apps/nishang/Escalation/Remove-Update.ps1
2015-06-28 21:25:27,138 +File Name:  Remove-Update.ps1
2015-06-28 21:25:27,138 +Hash Type:  MD5
2015-06-28 21:25:27,138 +Hash Value: FC3A0200CADF1DB0D6ED6BFA67FEE947
2015-06-28 21:25:27,138 +-------------------------------------------------------------

2015-06-28 21:25:27,140 +-------------------------------------------------------------
2015-06-28 21:25:27,140 +File Path:  /home/mint/Apps/nishang/Client/Out-HTA.ps1
2015-06-28 21:25:27,140 +File Name:  Out-HTA.ps1
2015-06-28 21:25:27,140 +Hash Type:  MD5
2015-06-28 21:25:27,140 +Hash Value: 1DC9C9880CB963F45586E23727811289
2015-06-28 21:25:27,140 +-------------------------------------------------------------

2015-06-28 21:25:27,142 +-------------------------------------------------------------
2015-06-28 21:25:27,142 +File Path:  /home/mint/Apps/nishang/Client/Out-CHM.ps1
2015-06-28 21:25:27,142 +File Name:  Out-CHM.ps1
2015-06-28 21:25:27,142 +Hash Type:  MD5
2015-06-28 21:25:27,142 +Hash Value: 06EDFF1EF1B81A0408E7CF3FEA1A2B78
2015-06-28 21:25:27,142 +-------------------------------------------------------------

2015-06-28 21:25:27,144 +-------------------------------------------------------------
2015-06-28 21:25:27,144 +File Path:  /home/mint/Apps/nishang/Client/Out-Java.ps1
2015-06-28 21:25:27,144 +File Name:  Out-Java.ps1
2015-06-28 21:25:27,144 +Hash Type:  MD5
2015-06-28 21:25:27,144 +Hash Value: E61D16C9E3AB452E098D0583D4EE8DA9
2015-06-28 21:25:27,144 +-------------------------------------------------------------

2015-06-28 21:25:27,146 +-------------------------------------------------------------
2015-06-28 21:25:27,146 +File Path:  /home/mint/Apps/nishang/Client/Out-Word.ps1
2015-06-28 21:25:27,146 +File Name:  Out-Word.ps1
2015-06-28 21:25:27,146 +Hash Type:  MD5
2015-06-28 21:25:27,146 +Hash Value: 6D174A7943FAB9CF2ED292FFD57BBBA0
2015-06-28 21:25:27,146 +-------------------------------------------------------------

2015-06-28 21:25:27,148 +-------------------------------------------------------------
2015-06-28 21:25:27,148 +File Path:  /home/mint/Apps/nishang/Client/Out-Shortcut.ps1
2015-06-28 21:25:27,148 +File Name:  Out-Shortcut.ps1
2015-06-28 21:25:27,148 +Hash Type:  MD5
2015-06-28 21:25:27,148 +Hash Value: B7FEB65E14CD8B4D7FD221BD58F38C9A
2015-06-28 21:25:27,148 +-------------------------------------------------------------

2015-06-28 21:25:27,149 +-------------------------------------------------------------
2015-06-28 21:25:27,149 +File Path:  /home/mint/Apps/nishang/Client/Out-Excel.ps1
2015-06-28 21:25:27,149 +File Name:  Out-Excel.ps1
2015-06-28 21:25:27,149 +Hash Type:  MD5
2015-06-28 21:25:27,150 +Hash Value: FA30711A1F2FB4F6DB2DD652EDBE9D88
2015-06-28 21:25:27,150 +-------------------------------------------------------------

2015-06-28 21:25:27,152 +-------------------------------------------------------------
2015-06-28 21:25:27,152 +File Path:  /home/mint/Apps/nishang/.git/description
2015-06-28 21:25:27,152 +File Name:  description
2015-06-28 21:25:27,152 +Hash Type:  MD5
2015-06-28 21:25:27,152 +Hash Value: A0A7C3FFF21F2AEA3CFA1D0316DD816C
2015-06-28 21:25:27,152 +-------------------------------------------------------------

2015-06-28 21:25:27,153 +-------------------------------------------------------------
2015-06-28 21:25:27,153 +File Path:  /home/mint/Apps/nishang/.git/config
2015-06-28 21:25:27,153 +File Name:  config
2015-06-28 21:25:27,153 +Hash Type:  MD5
2015-06-28 21:25:27,153 +Hash Value: 0BA43FD8E11F70355E4EA27ECA22DE38
2015-06-28 21:25:27,153 +-------------------------------------------------------------

2015-06-28 21:25:27,154 +-------------------------------------------------------------
2015-06-28 21:25:27,155 +File Path:  /home/mint/Apps/nishang/.git/index
2015-06-28 21:25:27,155 +File Name:  index
2015-06-28 21:25:27,155 +Hash Type:  MD5
2015-06-28 21:25:27,155 +Hash Value: F33B9CE5F383978B9D34871582BBF91B
2015-06-28 21:25:27,155 +-------------------------------------------------------------

2015-06-28 21:25:27,156 +-------------------------------------------------------------
2015-06-28 21:25:27,156 +File Path:  /home/mint/Apps/nishang/.git/packed-refs
2015-06-28 21:25:27,156 +File Name:  packed-refs
2015-06-28 21:25:27,156 +Hash Type:  MD5
2015-06-28 21:25:27,156 +Hash Value: 7464246875C20959270060B6BEAED4A7
2015-06-28 21:25:27,156 +-------------------------------------------------------------

2015-06-28 21:25:27,157 +-------------------------------------------------------------
2015-06-28 21:25:27,157 +File Path:  /home/mint/Apps/nishang/.git/HEAD
2015-06-28 21:25:27,157 +File Name:  HEAD
2015-06-28 21:25:27,158 +Hash Type:  MD5
2015-06-28 21:25:27,158 +Hash Value: 4CF2D64E44205FE628DDD534E1151B58
2015-06-28 21:25:27,158 +-------------------------------------------------------------

2015-06-28 21:25:27,159 +-------------------------------------------------------------
2015-06-28 21:25:27,159 +File Path:  /home/mint/Apps/nishang/.git/hooks/pre-push.sample
2015-06-28 21:25:27,159 +File Name:  pre-push.sample
2015-06-28 21:25:27,159 +Hash Type:  MD5
2015-06-28 21:25:27,159 +Hash Value: 9B64CA5761C6DE555D7D1B3C948ECFEB
2015-06-28 21:25:27,160 +-------------------------------------------------------------

2015-06-28 21:25:27,161 +-------------------------------------------------------------
2015-06-28 21:25:27,161 +File Path:  /home/mint/Apps/nishang/.git/hooks/prepare-commit-msg.sample
2015-06-28 21:25:27,161 +File Name:  prepare-commit-msg.sample
2015-06-28 21:25:27,161 +Hash Type:  MD5
2015-06-28 21:25:27,161 +Hash Value: 7DFE15854212A30F346DA5255C1D794B
2015-06-28 21:25:27,161 +-------------------------------------------------------------

2015-06-28 21:25:27,162 +-------------------------------------------------------------
2015-06-28 21:25:27,162 +File Path:  /home/mint/Apps/nishang/.git/hooks/pre-commit.sample
2015-06-28 21:25:27,162 +File Name:  pre-commit.sample
2015-06-28 21:25:27,162 +Hash Type:  MD5
2015-06-28 21:25:27,162 +Hash Value: 01B1688F97F94776BAAE85D77B06048B
2015-06-28 21:25:27,162 +-------------------------------------------------------------

2015-06-28 21:25:27,163 +-------------------------------------------------------------
2015-06-28 21:25:27,164 +File Path:  /home/mint/Apps/nishang/.git/hooks/commit-msg.sample
2015-06-28 21:25:27,164 +File Name:  commit-msg.sample
2015-06-28 21:25:27,164 +Hash Type:  MD5
2015-06-28 21:25:27,164 +Hash Value: 579A3C1E12A1E74A98169175FB913012
2015-06-28 21:25:27,164 +-------------------------------------------------------------

2015-06-28 21:25:27,165 +-------------------------------------------------------------
2015-06-28 21:25:27,165 +File Path:  /home/mint/Apps/nishang/.git/hooks/update.sample
2015-06-28 21:25:27,165 +File Name:  update.sample
2015-06-28 21:25:27,165 +Hash Type:  MD5
2015-06-28 21:25:27,165 +Hash Value: F51B02427757E79621B5235D7EFDF117
2015-06-28 21:25:27,165 +-------------------------------------------------------------

2015-06-28 21:25:27,166 +-------------------------------------------------------------
2015-06-28 21:25:27,167 +File Path:  /home/mint/Apps/nishang/.git/hooks/pre-rebase.sample
2015-06-28 21:25:27,167 +File Name:  pre-rebase.sample
2015-06-28 21:25:27,167 +Hash Type:  MD5
2015-06-28 21:25:27,167 +Hash Value: 3FF6BA9CF6D8E5332978E057559B5562
2015-06-28 21:25:27,167 +-------------------------------------------------------------

2015-06-28 21:25:27,168 +-------------------------------------------------------------
2015-06-28 21:25:27,168 +File Path:  /home/mint/Apps/nishang/.git/hooks/post-update.sample
2015-06-28 21:25:27,168 +File Name:  post-update.sample
2015-06-28 21:25:27,168 +Hash Type:  MD5
2015-06-28 21:25:27,168 +Hash Value: 2B7EA5CEE3C49FF53D41E00785EB974C
2015-06-28 21:25:27,168 +-------------------------------------------------------------

2015-06-28 21:25:27,170 +-------------------------------------------------------------
2015-06-28 21:25:27,170 +File Path:  /home/mint/Apps/nishang/.git/hooks/applypatch-msg.sample
2015-06-28 21:25:27,170 +File Name:  applypatch-msg.sample
2015-06-28 21:25:27,170 +Hash Type:  MD5
2015-06-28 21:25:27,170 +Hash Value: 9CC72DC973E24F9623BD3FE708F60EF5
2015-06-28 21:25:27,170 +-------------------------------------------------------------

2015-06-28 21:25:27,171 +-------------------------------------------------------------
2015-06-28 21:25:27,171 +File Path:  /home/mint/Apps/nishang/.git/hooks/pre-applypatch.sample
2015-06-28 21:25:27,171 +File Name:  pre-applypatch.sample
2015-06-28 21:25:27,171 +Hash Type:  MD5
2015-06-28 21:25:27,171 +Hash Value: A4A7E457B55B5AC2877F7973DBBA37E9
2015-06-28 21:25:27,172 +-------------------------------------------------------------

2015-06-28 21:25:27,173 +-------------------------------------------------------------
2015-06-28 21:25:27,173 +File Path:  /home/mint/Apps/nishang/.git/logs/HEAD
2015-06-28 21:25:27,173 +File Name:  HEAD
2015-06-28 21:25:27,173 +Hash Type:  MD5
2015-06-28 21:25:27,173 +Hash Value: F833D7E7B551BEC709BF5EE88FE65706
2015-06-28 21:25:27,173 +-------------------------------------------------------------

2015-06-28 21:25:27,175 +-------------------------------------------------------------
2015-06-28 21:25:27,175 +File Path:  /home/mint/Apps/nishang/.git/logs/refs/remotes/origin/HEAD
2015-06-28 21:25:27,175 +File Name:  HEAD
2015-06-28 21:25:27,175 +Hash Type:  MD5
2015-06-28 21:25:27,175 +Hash Value: F833D7E7B551BEC709BF5EE88FE65706
2015-06-28 21:25:27,175 +-------------------------------------------------------------

2015-06-28 21:25:27,176 +-------------------------------------------------------------
2015-06-28 21:25:27,176 +File Path:  /home/mint/Apps/nishang/.git/logs/refs/heads/master
2015-06-28 21:25:27,176 +File Name:  master
2015-06-28 21:25:27,176 +Hash Type:  MD5
2015-06-28 21:25:27,176 +Hash Value: F833D7E7B551BEC709BF5EE88FE65706
2015-06-28 21:25:27,176 +-------------------------------------------------------------

2015-06-28 21:25:27,184 +-------------------------------------------------------------
2015-06-28 21:25:27,184 +File Path:  /home/mint/Apps/nishang/.git/objects/pack/pack-6d8528bba0f585163a7c8ff27182050333e1f549.pack
2015-06-28 21:25:27,184 +File Name:  pack-6d8528bba0f585163a7c8ff27182050333e1f549.pack
2015-06-28 21:25:27,184 +Hash Type:  MD5
2015-06-28 21:25:27,184 +Hash Value: 364E67DA985A14F3F80B966F1E1A8DF6
2015-06-28 21:25:27,184 +-------------------------------------------------------------

2015-06-28 21:25:27,185 +-------------------------------------------------------------
2015-06-28 21:25:27,185 +File Path:  /home/mint/Apps/nishang/.git/objects/pack/pack-6d8528bba0f585163a7c8ff27182050333e1f549.idx
2015-06-28 21:25:27,186 +File Name:  pack-6d8528bba0f585163a7c8ff27182050333e1f549.idx
2015-06-28 21:25:27,186 +Hash Type:  MD5
2015-06-28 21:25:27,186 +Hash Value: 2C83874180A7B8F6001F757F4A513643
2015-06-28 21:25:27,186 +-------------------------------------------------------------

2015-06-28 21:25:27,187 +-------------------------------------------------------------
2015-06-28 21:25:27,187 +File Path:  /home/mint/Apps/nishang/.git/info/exclude
2015-06-28 21:25:27,187 +File Name:  exclude
2015-06-28 21:25:27,187 +Hash Type:  MD5
2015-06-28 21:25:27,187 +Hash Value: 036208B4A1AB4A235D75C181E685E5A3
2015-06-28 21:25:27,187 +-------------------------------------------------------------

2015-06-28 21:25:27,189 +-------------------------------------------------------------
2015-06-28 21:25:27,189 +File Path:  /home/mint/Apps/nishang/.git/refs/remotes/origin/HEAD
2015-06-28 21:25:27,190 +File Name:  HEAD
2015-06-28 21:25:27,190 +Hash Type:  MD5
2015-06-28 21:25:27,190 +Hash Value: 73A00957034783B7B5C8294C54CD3E12
2015-06-28 21:25:27,190 +-------------------------------------------------------------

2015-06-28 21:25:27,191 +-------------------------------------------------------------
2015-06-28 21:25:27,191 +File Path:  /home/mint/Apps/nishang/.git/refs/heads/master
2015-06-28 21:25:27,191 +File Name:  master
2015-06-28 21:25:27,191 +Hash Type:  MD5
2015-06-28 21:25:27,191 +Hash Value: 1E45D563C12BAA84D2EFE14C26DF692A
2015-06-28 21:25:27,192 +-------------------------------------------------------------

2015-06-28 21:25:27,193 +-------------------------------------------------------------
2015-06-28 21:25:27,193 +File Path:  /home/mint/Apps/nishang/Backdoors/DNS_TXT_Pwnage.ps1
2015-06-28 21:25:27,193 +File Name:  DNS_TXT_Pwnage.ps1
2015-06-28 21:25:27,193 +Hash Type:  MD5
2015-06-28 21:25:27,193 +Hash Value: C62A180D5467DF7019EACF801C61A4F2
2015-06-28 21:25:27,193 +-------------------------------------------------------------

2015-06-28 21:25:27,194 +-------------------------------------------------------------
2015-06-28 21:25:27,195 +File Path:  /home/mint/Apps/nishang/Backdoors/Add-ScrnSaveBackdoor.ps1
2015-06-28 21:25:27,195 +File Name:  Add-ScrnSaveBackdoor.ps1
2015-06-28 21:25:27,195 +Hash Type:  MD5
2015-06-28 21:25:27,195 +Hash Value: AA71871FD1843C1E146C660B235094F9
2015-06-28 21:25:27,195 +-------------------------------------------------------------

2015-06-28 21:25:27,196 +-------------------------------------------------------------
2015-06-28 21:25:27,196 +File Path:  /home/mint/Apps/nishang/Backdoors/Invoke-ADSBackdoor.ps1
2015-06-28 21:25:27,196 +File Name:  Invoke-ADSBackdoor.ps1
2015-06-28 21:25:27,196 +Hash Type:  MD5
2015-06-28 21:25:27,196 +Hash Value: CA3D703C3BF0FB54CC512DCFC461B7E9
2015-06-28 21:25:27,196 +-------------------------------------------------------------

2015-06-28 21:25:27,197 +-------------------------------------------------------------
2015-06-28 21:25:27,198 +File Path:  /home/mint/Apps/nishang/Backdoors/Execute-OnTime.ps1
2015-06-28 21:25:27,198 +File Name:  Execute-OnTime.ps1
2015-06-28 21:25:27,198 +Hash Type:  MD5
2015-06-28 21:25:27,198 +Hash Value: FA0A6520CC82930A05B939CCF251E8E3
2015-06-28 21:25:27,198 +-------------------------------------------------------------

2015-06-28 21:25:27,199 +-------------------------------------------------------------
2015-06-28 21:25:27,199 +File Path:  /home/mint/Apps/nishang/Backdoors/HTTP-Backdoor.ps1
2015-06-28 21:25:27,199 +File Name:  HTTP-Backdoor.ps1
2015-06-28 21:25:27,199 +Hash Type:  MD5
2015-06-28 21:25:27,199 +Hash Value: 20C79B9C372F143FB5C3855B490443C5
2015-06-28 21:25:27,199 +-------------------------------------------------------------

2015-06-28 21:25:27,200 +-------------------------------------------------------------
2015-06-28 21:25:27,200 +File Path:  /home/mint/Apps/nishang/Backdoors/Gupt-Backdoor.ps1
2015-06-28 21:25:27,200 +File Name:  Gupt-Backdoor.ps1
2015-06-28 21:25:27,200 +Hash Type:  MD5
2015-06-28 21:25:27,200 +Hash Value: 8E00A88B4EC8DA21B673F2C29D412BFD
2015-06-28 21:25:27,200 +-------------------------------------------------------------

2015-06-28 21:25:27,201 Files Processed: 93
2015-06-28 21:25:27,201 Elapsed Time: 0.177160024643 seconds
2015-06-28 21:25:27,201 
2015-06-28 21:25:27,201 Program Terminated Normally
2015-06-28 21:25:27,201 
